\BOOKMARK [0][]{Contents.0}{\376\377\000T\000a\000b\000l\000e\000\040\000o\000f\000\040\000c\000o\000n\000t\000e\000n\000t\000s}{}% 1
\BOOKMARK [0][]{chapter*.5}{\376\377\000L\000i\000s\000t\000\040\000o\000f\000\040\000f\000i\000g\000u\000r\000e\000s}{}% 2
\BOOKMARK [0][]{chapter*.6}{\376\377\000L\000i\000s\000t\000\040\000o\000f\000\040\000t\000a\000b\000l\000e\000s}{}% 3
\BOOKMARK [0][]{chapter.1}{\376\377\0001\000\040\000I\000n\000t\000r\000o\000d\000u\000c\000t\000i\000o\000n}{}% 4
\BOOKMARK [1][]{section.1.1}{\376\377\0001\000.\0001\000\040\000M\000o\000t\000i\000v\000a\000t\000i\000o\000n\000\040\000a\000n\000d\000\040\000O\000b\000j\000e\000c\000t\000i\000v\000e}{chapter.1}% 5
\BOOKMARK [1][]{section.1.2}{\376\377\0001\000.\0002\000\040\000M\000e\000t\000h\000o\000d\000\040\000o\000f\000\040\000S\000t\000u\000d\000y}{chapter.1}% 6
\BOOKMARK [1][]{section.1.3}{\376\377\0001\000.\0003\000\040\000O\000r\000g\000a\000n\000i\000z\000a\000t\000i\000o\000n\000\040\000o\000f\000\040\000C\000h\000a\000p\000t\000e\000r\000s}{chapter.1}% 7
\BOOKMARK [0][]{chapter.2}{\376\377\0002\000\040\000S\000c\000a\000l\000i\000n\000g\000,\000\040\000S\000c\000a\000l\000e\000-\000I\000n\000v\000a\000r\000i\000a\000n\000c\000e\000\040\000a\000n\000d\000\040\000S\000e\000l\000f\000-\000S\000i\000m\000i\000l\000a\000r\000i\000t\000y}{}% 8
\BOOKMARK [1][]{section.2.1}{\376\377\0002\000.\0001\000\040\000D\000i\000m\000e\000n\000s\000i\000o\000n\000s\000\040\000o\000f\000\040\000P\000h\000y\000s\000i\000c\000a\000l\000\040\000Q\000u\000a\000n\000t\000i\000t\000y}{chapter.2}% 9
\BOOKMARK [1][]{section.2.2}{\376\377\0002\000.\0002\000\040\000B\000u\000c\000k\000i\000n\000g\000h\000a\000m\000\040\000\040\000T\000h\000e\000o\000r\000e\000m}{chapter.2}% 10
\BOOKMARK [2][]{subsection.2.2.1}{\376\377\0002\000.\0002\000.\0001\000\040\000A\000n\000\040\000E\000x\000a\000m\000p\000l\000e}{section.2.2}% 11
\BOOKMARK [1][]{section.2.3}{\376\377\0002\000.\0003\000\040\000S\000i\000m\000i\000l\000a\000r\000i\000t\000y\000\040\000a\000n\000d\000\040\000S\000e\000l\000f\000-\000S\000i\000m\000i\000l\000a\000r\000i\000t\000y}{chapter.2}% 12
\BOOKMARK [2][]{subsection.2.3.1}{\376\377\0002\000.\0003\000.\0001\000\040\000A\000n\000\040\000e\000x\000a\000m\000p\000l\000e}{section.2.3}% 13
\BOOKMARK [2][]{subsection.2.3.2}{\376\377\0002\000.\0003\000.\0002\000\040\000D\000i\000v\000i\000n\000g\000\040\000I\000n\000t\000o\000\040\000S\000i\000m\000i\000l\000a\000r\000i\000t\000y}{section.2.3}% 14
\BOOKMARK [2][]{subsection.2.3.3}{\376\377\0002\000.\0003\000.\0003\000\040\000S\000e\000l\000f\000-\000S\000i\000m\000i\000l\000a\000r\000i\000t\000y}{section.2.3}% 15
\BOOKMARK [1][]{section.2.4}{\376\377\0002\000.\0004\000\040\000S\000c\000a\000l\000i\000n\000g\000\040\000H\000y\000p\000o\000t\000h\000e\000s\000i\000s}{chapter.2}% 16
\BOOKMARK [2][]{subsection.2.4.1}{\376\377\0002\000.\0004\000.\0001\000\040\000D\000y\000n\000a\000m\000i\000c\000\040\000S\000c\000a\000l\000i\000n\000g}{section.2.4}% 17
\BOOKMARK [2][]{subsection.2.4.2}{\376\377\0002\000.\0004\000.\0002\000\040\000F\000i\000n\000i\000t\000e\000\040\000S\000i\000z\000e\000\040\000S\000c\000a\000l\000i\000n\000g}{section.2.4}% 18
\BOOKMARK [1][]{section.2.5}{\376\377\0002\000.\0005\000\040\000H\000o\000m\000o\000g\000e\000n\000e\000o\000u\000s\000\040\000F\000u\000n\000c\000t\000i\000o\000n\000s\000\040\000a\000n\000d\000\040\000S\000c\000a\000l\000e\000-\000I\000n\000v\000a\000r\000i\000a\000n\000c\000e}{chapter.2}% 19
\BOOKMARK [2][]{subsection.2.5.1}{\376\377\0002\000.\0005\000.\0001\000\040\000O\000n\000e\000\040\000v\000a\000r\000i\000a\000b\000l\000e\000\040\000f\000u\000n\000c\000t\000i\000o\000n}{section.2.5}% 20
\BOOKMARK [2][]{subsection.2.5.2}{\376\377\0002\000.\0005\000.\0002\000\040\000G\000e\000n\000e\000r\000a\000l\000i\000z\000e\000d\000\040\000H\000o\000m\000o\000g\000e\000n\000e\000o\000u\000s\000\040\000F\000u\000n\000c\000t\000i\000o\000n}{section.2.5}% 21
\BOOKMARK [0][]{chapter.3}{\376\377\0003\000\040\000P\000h\000a\000s\000e\000\040\000T\000r\000a\000n\000s\000i\000t\000i\000o\000n}{}% 22
\BOOKMARK [1][]{section.3.1}{\376\377\0003\000.\0001\000\040\000C\000l\000a\000s\000s\000i\000f\000i\000c\000a\000t\000i\000o\000n}{chapter.3}% 23
\BOOKMARK [2][]{subsection.3.1.1}{\376\377\0003\000.\0001\000.\0001\000\040\000E\000h\000r\000e\000n\000f\000e\000s\000t\000\040\000c\000l\000a\000s\000s\000i\000f\000i\000c\000a\000t\000i\000o\000n}{section.3.1}% 24
\BOOKMARK [2][]{subsection.3.1.2}{\376\377\0003\000.\0001\000.\0002\000\040\000M\000o\000d\000e\000r\000n\000\040\000c\000l\000a\000s\000s\000i\000f\000i\000c\000a\000t\000i\000o\000n\000s}{section.3.1}% 25
\BOOKMARK [2][]{subsection.3.1.3}{\376\377\0003\000.\0001\000.\0003\000\040\000B\000a\000s\000i\000c\000\040\000P\000r\000o\000p\000e\000r\000t\000i\000e\000s\000\040\000o\000f\000\040\000t\000h\000e\000\040\000c\000l\000a\000s\000s\000e\000s}{section.3.1}% 26
\BOOKMARK [1][]{section.3.2}{\376\377\0003\000.\0002\000\040\000T\000h\000e\000r\000m\000o\000d\000y\000n\000a\000m\000i\000c\000\040\000Q\000u\000a\000n\000t\000i\000t\000i\000e\000s}{chapter.3}% 27
\BOOKMARK [2][]{subsection.3.2.1}{\376\377\0003\000.\0002\000.\0001\000\040\000E\000n\000t\000r\000o\000p\000y}{section.3.2}% 28
\BOOKMARK [2][]{subsection.3.2.2}{\376\377\0003\000.\0002\000.\0002\000\040\000S\000p\000e\000c\000i\000f\000i\000c\000\040\000H\000e\000a\000t}{section.3.2}% 29
\BOOKMARK [2][]{subsection.3.2.3}{\376\377\0003\000.\0002\000.\0003\000\040\000O\000r\000d\000e\000r\000\040\000P\000a\000r\000a\000m\000e\000t\000e\000r}{section.3.2}% 30
\BOOKMARK [2][]{subsection.3.2.4}{\376\377\0003\000.\0002\000.\0004\000\040\000S\000u\000s\000c\000e\000p\000t\000i\000b\000i\000l\000i\000t\000y}{section.3.2}% 31
\BOOKMARK [1][]{section.3.3}{\376\377\0003\000.\0003\000\040\000S\000h\000a\000p\000e\000s\000\040\000o\000f\000\040\000t\000h\000e\000\040\000T\000h\000e\000r\000m\000o\000d\000y\000n\000a\000m\000i\000c\000\040\000Q\000u\000a\000n\000t\000i\000t\000i\000e\000s}{chapter.3}% 32
\BOOKMARK [2][]{subsection.3.3.1}{\376\377\0003\000.\0003\000.\0001\000\040\000C\000a\000l\000c\000u\000l\000u\000s\000\040\000t\000o\000\040\000d\000e\000t\000e\000r\000m\000i\000n\000e\000\040\000t\000h\000e\000\040\000s\000h\000a\000p\000e\000s}{section.3.3}% 33
\BOOKMARK [2][]{subsection.3.3.2}{\376\377\0003\000.\0003\000.\0002\000\040\000F\000r\000e\000e\000\040\000E\000n\000e\000r\000g\000y}{section.3.3}% 34
\BOOKMARK [2][]{subsection.3.3.3}{\376\377\0003\000.\0003\000.\0003\000\040\000E\000n\000t\000r\000o\000p\000y\000\040\000a\000n\000d\000\040\000S\000p\000e\000c\000i\000f\000i\000c\000\040\000H\000e\000a\000t}{section.3.3}% 35
\BOOKMARK [2][]{subsection.3.3.4}{\376\377\0003\000.\0003\000.\0004\000\040\000O\000r\000d\000e\000r\000\040\000P\000a\000r\000a\000m\000e\000t\000e\000r\000\040\000a\000n\000d\000\040\000S\000u\000s\000c\000e\000p\000t\000i\000b\000i\000l\000i\000t\000y}{section.3.3}% 36
\BOOKMARK [1][]{section.3.4}{\376\377\0003\000.\0004\000\040\000C\000r\000i\000t\000i\000c\000a\000l\000\040\000E\000x\000p\000o\000n\000e\000n\000t\000s}{chapter.3}% 37
\BOOKMARK [2][]{subsection.3.4.1}{\376\377\0003\000.\0004\000.\0001\000\040\000L\000i\000s\000t\000\040\000o\000f\000\040\000T\000h\000e\000r\000m\000o\000d\000y\000n\000a\000m\000i\000c\000\040\000Q\000u\000a\000n\000t\000i\000t\000i\000e\000s\000\040\000t\000h\000a\000t\000\040\000F\000o\000l\000l\000o\000w\000s\000\040\000P\000o\000w\000e\000r\000\040\000L\000a\000w}{section.3.4}% 38
\BOOKMARK [2][]{subsection.3.4.2}{\376\377\0003\000.\0004\000.\0002\000\040\000R\000u\000s\000h\000b\000r\000o\000o\000k\000e\000\040\000I\000n\000e\000q\000u\000a\000l\000i\000t\000y}{section.3.4}% 39
\BOOKMARK [2][]{subsection.3.4.3}{\376\377\0003\000.\0004\000.\0003\000\040\000G\000r\000i\000f\000f\000i\000t\000h\000s\000\040\000I\000n\000e\000q\000u\000a\000l\000i\000t\000y}{section.3.4}% 40
\BOOKMARK [1][]{section.3.5}{\376\377\0003\000.\0005\000\040\000I\000s\000i\000n\000g\000\040\000M\000o\000d\000e\000l}{chapter.3}% 41
\BOOKMARK [0][]{chapter.4}{\376\377\0004\000\040\000P\000e\000r\000c\000o\000l\000a\000t\000i\000o\000n\000\040\000T\000h\000e\000o\000r\000y}{}% 42
\BOOKMARK [1][]{section.4.1}{\376\377\0004\000.\0001\000\040\000P\000e\000r\000c\000o\000l\000a\000t\000i\000o\000n\000\040\000P\000h\000e\000n\000o\000m\000e\000n\000a}{chapter.4}% 43
\BOOKMARK [1][]{section.4.2}{\376\377\0004\000.\0002\000\040\000H\000i\000s\000t\000o\000r\000i\000c\000a\000l\000\040\000O\000v\000e\000r\000v\000i\000e\000w}{chapter.4}% 44
\BOOKMARK [1][]{section.4.3}{\376\377\0004\000.\0003\000\040\000C\000l\000a\000s\000s\000i\000f\000i\000c\000a\000t\000i\000o\000n\000s\000\040\000a\000n\000d\000\040\000P\000l\000a\000y\000g\000r\000o\000u\000n\000d}{chapter.4}% 45
\BOOKMARK [2][]{subsection.4.3.1}{\376\377\0004\000.\0003\000.\0001\000\040\000T\000y\000p\000e\000s\000\040\000o\000f\000\040\000P\000e\000r\000c\000o\000l\000a\000t\000i\000o\000n}{section.4.3}% 46
\BOOKMARK [2][]{subsection.4.3.2}{\376\377\0004\000.\0003\000.\0002\000\040\000T\000y\000p\000e\000s\000\040\000o\000f\000\040\000P\000l\000a\000y\000g\000r\000o\000u\000n\000d}{section.4.3}% 47
\BOOKMARK [1][]{section.4.4}{\376\377\0004\000.\0004\000\040\000B\000a\000s\000i\000c\000\040\000E\000l\000e\000m\000e\000n\000t\000s}{chapter.4}% 48
\BOOKMARK [2][]{subsection.4.4.1}{\376\377\0004\000.\0004\000.\0001\000\040\000O\000c\000c\000u\000p\000a\000t\000i\000o\000n\000\040\000P\000r\000o\000b\000a\000b\000i\000l\000i\000t\000y}{section.4.4}% 49
\BOOKMARK [2][]{subsection.4.4.2}{\376\377\0004\000.\0004\000.\0002\000\040\000C\000l\000u\000s\000t\000e\000r}{section.4.4}% 50
\BOOKMARK [2][]{subsection.4.4.3}{\376\377\0004\000.\0004\000.\0003\000\040\000S\000p\000a\000n\000n\000i\000n\000g\000\040\000c\000l\000u\000s\000t\000e\000r}{section.4.4}% 51
\BOOKMARK [1][]{section.4.5}{\376\377\0004\000.\0005\000\040\000F\000i\000n\000i\000t\000e\000\040\000S\000i\000z\000e\000\040\000S\000c\000a\000l\000i\000n\000g}{chapter.4}% 52
\BOOKMARK [1][]{section.4.6}{\376\377\0004\000.\0006\000\040\000O\000b\000s\000e\000r\000v\000a\000b\000l\000e\000\040\000Q\000u\000a\000n\000t\000i\000t\000i\000e\000s}{chapter.4}% 53
\BOOKMARK [2][]{subsection.4.6.1}{\376\377\0004\000.\0006\000.\0001\000\040\000P\000e\000r\000c\000o\000l\000a\000t\000i\000o\000n\000\040\000T\000h\000r\000e\000s\000h\000o\000l\000d\000,\000\040\000p\000c}{section.4.6}% 54
\BOOKMARK [2][]{subsection.4.6.2}{\376\377\0004\000.\0006\000.\0002\000\040\000S\000p\000a\000n\000n\000i\000n\000g\000\040\000P\000r\000o\000b\000a\000b\000i\000l\000i\000t\000y\000,\000\040\000w\000\050\000p\000,\000L\000\051}{section.4.6}% 55
\BOOKMARK [2][]{subsection.4.6.3}{\376\377\0004\000.\0006\000.\0003\000\040\000E\000n\000t\000r\000o\000p\000y\000,\000\040\000H\000\050\000p\000,\000L\000\051}{section.4.6}% 56
\BOOKMARK [2][]{subsection.4.6.4}{\376\377\0004\000.\0006\000.\0004\000\040\000S\000p\000e\000c\000i\000f\000i\000c\000\040\000H\000e\000a\000t\000,\000\040\000C\000\050\000p\000,\000L\000\051}{section.4.6}% 57
\BOOKMARK [2][]{subsection.4.6.5}{\376\377\0004\000.\0006\000.\0005\000\040\000O\000r\000d\000e\000r\000\040\000P\000a\000r\000a\000m\000e\000t\000e\000r\000,\000\040\000P\000\050\000p\000,\000L\000\051}{section.4.6}% 58
\BOOKMARK [2][]{subsection.4.6.6}{\376\377\0004\000.\0006\000.\0006\000\040\000S\000u\000s\000c\000e\000p\000t\000i\000b\000i\000l\000i\000t\000y\000,\000\040\000\050\000p\000,\000L\000\051}{section.4.6}% 59
\BOOKMARK [2][]{subsection.4.6.7}{\376\377\0004\000.\0006\000.\0007\000\040\000F\000r\000a\000c\000t\000a\000l\000\040\000D\000i\000m\000e\000n\000s\000i\000o\000n\000,\000\040\000d\000f}{section.4.6}% 60
\BOOKMARK [2][]{subsection.4.6.8}{\376\377\0004\000.\0006\000.\0008\000\040\000C\000l\000u\000s\000t\000e\000r\000\040\000S\000i\000z\000e\000\040\000D\000i\000s\000t\000r\000i\000b\000u\000t\000i\000o\000n\000\040\000F\000u\000n\000c\000t\000i\000o\000n\000,\000\040\000n\000s}{section.4.6}% 61
\BOOKMARK [1][]{section.4.7}{\376\377\0004\000.\0007\000\040\000E\000x\000a\000c\000t\000\040\000S\000o\000l\000u\000t\000i\000o\000n\000s}{chapter.4}% 62
\BOOKMARK [2][]{subsection.4.7.1}{\376\377\0004\000.\0007\000.\0001\000\040\000O\000n\000e\000\040\000D\000i\000m\000e\000n\000s\000i\000o\000n}{section.4.7}% 63
\BOOKMARK [2][]{subsection.4.7.2}{\376\377\0004\000.\0007\000.\0002\000\040\000I\000n\000f\000i\000n\000i\000t\000e\000\040\000D\000i\000m\000e\000n\000s\000i\000o\000n}{section.4.7}% 64
\BOOKMARK [1][]{section.4.8}{\376\377\0004\000.\0008\000\040\000A\000l\000g\000o\000r\000i\000t\000h\000m}{chapter.4}% 65
\BOOKMARK [2][]{subsection.4.8.1}{\376\377\0004\000.\0008\000.\0001\000\040\000S\000q\000u\000a\000r\000e\000\040\000L\000a\000t\000t\000i\000c\000e}{section.4.8}% 66
\BOOKMARK [2][]{subsection.4.8.2}{\376\377\0004\000.\0008\000.\0002\000\040\000B\000o\000n\000d\000\040\000P\000e\000r\000c\000o\000l\000a\000t\000i\000o\000n}{section.4.8}% 67
\BOOKMARK [2][]{subsection.4.8.3}{\376\377\0004\000.\0008\000.\0003\000\040\000S\000i\000t\000e\000\040\000P\000e\000r\000c\000o\000l\000a\000t\000i\000o\000n}{section.4.8}% 68
\BOOKMARK [2][]{subsection.4.8.4}{\376\377\0004\000.\0008\000.\0004\000\040\000N\000e\000w\000m\000a\000n\000-\000Z\000i\000f\000f\000\040\000\050\000N\000Z\000\051\000\040\000a\000l\000g\000o\000r\000i\000t\000h\000m}{section.4.8}% 69
\BOOKMARK [1][]{section.4.9}{\376\377\0004\000.\0009\000\040\000A\000p\000p\000l\000i\000c\000a\000t\000i\000o\000n}{chapter.4}% 70
\BOOKMARK [2][]{subsection.4.9.1}{\376\377\0004\000.\0009\000.\0001\000\040\000E\000p\000i\000d\000e\000m\000i\000o\000l\000o\000g\000y}{section.4.9}% 71
\BOOKMARK [2][]{subsection.4.9.2}{\376\377\0004\000.\0009\000.\0002\000\040\000N\000e\000u\000r\000a\000l\000\040\000N\000e\000t\000w\000o\000r\000k\000\040\000a\000n\000d\000\040\000C\000o\000g\000n\000i\000t\000i\000v\000e\000\040\000P\000s\000y\000c\000h\000o\000l\000o\000g\000y}{section.4.9}% 72
\BOOKMARK [2][]{subsection.4.9.3}{\376\377\0004\000.\0009\000.\0003\000\040\000F\000e\000r\000r\000o\000m\000a\000g\000n\000e\000t\000i\000s\000m}{section.4.9}% 73
\BOOKMARK [2][]{subsection.4.9.4}{\376\377\0004\000.\0009\000.\0004\000\040\000C\000o\000s\000m\000o\000l\000o\000g\000y}{section.4.9}% 74
\BOOKMARK [2][]{subsection.4.9.5}{\376\377\0004\000.\0009\000.\0005\000\040\000O\000t\000h\000e\000r\000s}{section.4.9}% 75
\BOOKMARK [0][]{chapter.5}{\376\377\0005\000\040\000B\000a\000l\000l\000i\000s\000t\000i\000c\000\040\000D\000e\000p\000o\000s\000i\000t\000i\000o\000n\000\040\000W\000i\000t\000h\000\040\000R\000e\000d\000e\000f\000i\000n\000i\000t\000i\000o\000n\000\040\000o\000f\000\040\000S\000i\000t\000e\000\040\000P\000e\000r\000c\000o\000l\000a\000t\000i\000o\000n}{}% 76
\BOOKMARK [1][]{section.5.1}{\376\377\0005\000.\0001\000\040\000R\000e\000d\000e\000f\000i\000n\000i\000t\000i\000o\000n\000\040\000o\000f\000\040\000S\000i\000t\000e\000\040\000P\000e\000r\000c\000o\000l\000a\000t\000i\000o\000n}{chapter.5}% 77
\BOOKMARK [2][]{subsection.5.1.1}{\376\377\0005\000.\0001\000.\0001\000\040\000D\000e\000f\000i\000n\000i\000t\000i\000o\000n\000\040\000o\000f\000\040\000E\000n\000t\000r\000o\000p\000y\000\040\000a\000n\000d\000\040\000O\000r\000d\000e\000r\000\040\000P\000a\000r\000a\000m\000e\000t\000e\000r}{section.5.1}% 78
\BOOKMARK [2][]{subsection.5.1.2}{\376\377\0005\000.\0001\000.\0002\000\040\000P\000r\000o\000b\000l\000e\000m\000\040\000f\000o\000r\000\040\000e\000n\000t\000r\000o\000p\000y\000\040\000w\000i\000t\000h\000\040\000t\000r\000a\000d\000i\000t\000i\000o\000n\000a\000l\000\040\000s\000i\000t\000e\000\040\000p\000e\000r\000c\000o\000l\000a\000t\000i\000o\000n}{section.5.1}% 79
\BOOKMARK [2][]{subsection.5.1.3}{\376\377\0005\000.\0001\000.\0003\000\040\000S\000i\000t\000e\000\040\000p\000e\000r\000c\000o\000l\000a\000t\000i\000o\000n\000\040\000r\000e\000-\000d\000e\000f\000i\000n\000e\000d}{section.5.1}% 80
\BOOKMARK [2][]{subsection.5.1.4}{\376\377\0005\000.\0001\000.\0004\000\040\000I\000s\000\040\000s\000i\000t\000e\000-\000b\000o\000n\000d\000\040\000u\000n\000i\000v\000e\000r\000s\000a\000l\000i\000t\000y\000\040\000s\000t\000i\000l\000l\000\040\000v\000a\000l\000i\000d\000?}{section.5.1}% 81
\BOOKMARK [2][]{subsection.5.1.5}{\376\377\0005\000.\0001\000.\0005\000\040\000F\000r\000a\000c\000t\000a\000l\000\040\000D\000i\000m\000e\000n\000s\000i\000o\000n}{section.5.1}% 82
\BOOKMARK [1][]{section.5.2}{\376\377\0005\000.\0002\000\040\000R\000a\000n\000d\000o\000m\000\040\000S\000e\000q\000u\000e\000n\000t\000i\000a\000l\000\040\000B\000a\000l\000l\000i\000s\000t\000i\000c\000\040\000D\000e\000p\000o\000s\000i\000t\000i\000o\000n}{chapter.5}% 83
\BOOKMARK [2][]{subsection.5.2.1}{\376\377\0005\000.\0002\000.\0001\000\040\000C\000r\000i\000t\000i\000c\000a\000l\000\040\000o\000c\000c\000u\000p\000a\000t\000i\000o\000n\000\040\000p\000r\000o\000b\000a\000b\000i\000l\000i\000t\000y\000,\000\040\000p\000c}{section.5.2}% 84
\BOOKMARK [2][]{subsection.5.2.2}{\376\377\0005\000.\0002\000.\0002\000\040\000S\000p\000a\000n\000n\000i\000n\000g\000\040\000P\000r\000o\000b\000a\000b\000i\000l\000i\000t\000y\000\040\000a\000n\000d\000\040\000f\000i\000n\000d\000i\000n\000g\000\040\0001\000/}{section.5.2}% 85
\BOOKMARK [2][]{subsection.5.2.3}{\376\377\0005\000.\0002\000.\0003\000\040\000E\000n\000t\000r\000o\000p\000y\000,\000\040\000S\000p\000e\000c\000i\000f\000i\000c\000\040\000H\000e\000a\000t\000\040\000a\000n\000d\000\040\000f\000i\000n\000d\000i\000n\000g\000\040}{section.5.2}% 86
\BOOKMARK [2][]{subsection.5.2.4}{\376\377\0005\000.\0002\000.\0004\000\040\000O\000r\000d\000e\000r\000\040\000P\000a\000r\000a\000m\000e\000t\000e\000r\000\040\000a\000n\000d\000\040\000f\000i\000n\000d\000i\000n\000g\000\040}{section.5.2}% 87
\BOOKMARK [2][]{subsection.5.2.5}{\376\377\0005\000.\0002\000.\0005\000\040\000S\000u\000s\000c\000e\000p\000t\000i\000b\000i\000l\000i\000t\000y\000\040\000a\000n\000d\000\040\000f\000i\000n\000d\000i\000n\000g\000\040}{section.5.2}% 88
\BOOKMARK [2][]{subsection.5.2.6}{\376\377\0005\000.\0002\000.\0006\000\040\000F\000r\000a\000c\000t\000a\000l\000\040\000D\000i\000m\000e\000n\000s\000i\000o\000n}{section.5.2}% 89
\BOOKMARK [2][]{subsection.5.2.7}{\376\377\0005\000.\0002\000.\0007\000\040\000O\000r\000d\000e\000r\000-\000D\000i\000s\000o\000r\000d\000e\000r\000\040\000T\000r\000a\000n\000s\000i\000t\000i\000o\000n}{section.5.2}% 90
\BOOKMARK [0][]{chapter.6}{\376\377\0006\000\040\000S\000u\000m\000m\000a\000r\000y\000\040\000a\000n\000d\000\040\000D\000i\000s\000c\000u\000s\000s\000i\000o\000n}{}% 91
\BOOKMARK [0][]{chapter*.84}{\376\377\000R\000e\000f\000e\000r\000e\000n\000c\000e\000s}{}% 92
\BOOKMARK [0][]{Appendix.a.A}{\376\377\000A\000p\000p\000e\000n\000d\000i\000x\000\040\000A\000\040\000P\000e\000r\000c\000o\000l\000a\000t\000i\000o\000n}{}% 93
\BOOKMARK [1][]{section.a.A.1}{\376\377\000A\000.\0001\000\040\000A\000l\000g\000o\000r\000i\000t\000h\000m}{Appendix.a.A}% 94
\BOOKMARK [1][]{section.a.A.2}{\376\377\000A\000.\0002\000\040\000C\000o\000d\000e}{Appendix.a.A}% 95
\BOOKMARK [2][]{subsection.a.A.2.1}{\376\377\000A\000.\0002\000.\0001\000\040\000I\000n\000d\000e\000x}{section.a.A.2}% 96
\BOOKMARK [2][]{subsection.a.A.2.2}{\376\377\000A\000.\0002\000.\0002\000\040\000S\000i\000t\000e}{section.a.A.2}% 97
\BOOKMARK [2][]{subsection.a.A.2.3}{\376\377\000A\000.\0002\000.\0003\000\040\000B\000o\000n\000d}{section.a.A.2}% 98
\BOOKMARK [2][]{subsection.a.A.2.4}{\376\377\000A\000.\0002\000.\0004\000\040\000L\000a\000t\000t\000i\000c\000e}{section.a.A.2}% 99
\BOOKMARK [2][]{subsection.a.A.2.5}{\376\377\000A\000.\0002\000.\0005\000\040\000E\000x\000c\000e\000p\000t\000i\000o\000n}{section.a.A.2}% 100
\BOOKMARK [2][]{subsection.a.A.2.6}{\376\377\000A\000.\0002\000.\0006\000\040\000C\000l\000u\000s\000t\000e\000r}{section.a.A.2}% 101
\BOOKMARK [2][]{subsection.a.A.2.7}{\376\377\000A\000.\0002\000.\0007\000\040\000P\000e\000r\000c\000o\000l\000a\000t\000i\000o\000n}{section.a.A.2}% 102
\BOOKMARK [2][]{subsection.a.A.2.8}{\376\377\000A\000.\0002\000.\0008\000\040\000U\000t\000i\000l\000i\000t\000i\000e\000s}{section.a.A.2}% 103
\BOOKMARK [2][]{subsection.a.A.2.9}{\376\377\000A\000.\0002\000.\0009\000\040\000T\000e\000s\000t\000s}{section.a.A.2}% 104
\BOOKMARK [2][]{subsection.a.A.2.10}{\376\377\000A\000.\0002\000.\0001\0000\000\040\000M\000a\000i\000n}{section.a.A.2}% 105
\BOOKMARK [2][]{subsection.a.A.2.11}{\376\377\000A\000.\0002\000.\0001\0001\000\040\000C\000M\000a\000k\000e\000L\000i\000s\000t\000s}{section.a.A.2}% 106
\BOOKMARK [2][]{subsection.a.A.2.12}{\376\377\000A\000.\0002\000.\0001\0002\000\040\000c\000o\000m\000p\000l\000e\000t\000e\000\040\000c\000o\000d\000e}{section.a.A.2}% 107
\BOOKMARK [0][]{Appendix.a.B}{\376\377\000A\000p\000p\000e\000n\000d\000i\000x\000\040\000B\000\040\000C\000o\000n\000v\000o\000l\000u\000t\000i\000o\000n}{}% 108
\BOOKMARK [1][]{section.a.B.1}{\376\377\000B\000.\0001\000\040\000A\000l\000g\000o\000r\000i\000t\000h\000m}{Appendix.a.B}% 109
\BOOKMARK [1][]{section.a.B.2}{\376\377\000B\000.\0002\000\040\000C\000o\000d\000e}{Appendix.a.B}% 110
\BOOKMARK [0][]{Appendix.a.C}{\376\377\000A\000p\000p\000e\000n\000d\000i\000x\000\040\000C\000\040\000F\000i\000n\000d\000i\000n\000g\000\040\000E\000x\000p\000o\000n\000e\000n\000t\000s}{}% 111
\BOOKMARK [1][]{section.a.C.1}{\376\377\000C\000.\0001\000\040\000A\000l\000g\000o\000r\000i\000t\000h\000m}{Appendix.a.C}% 112
\BOOKMARK [2][]{subsection.a.C.1.1}{\376\377\000C\000.\0001\000.\0001\000\040\000S\000p\000e\000c\000i\000f\000i\000c\000\040\000H\000e\000a\000t\000\040\000a\000n\000d\000\040\000S\000u\000s\000c\000e\000p\000t\000i\000b\000i\000l\000i\000t\000y}{section.a.C.1}% 113
\BOOKMARK [0][]{Appendix.a.D}{\376\377\000A\000p\000p\000e\000n\000d\000i\000x\000\040\000D\000\040\000M\000e\000a\000s\000u\000r\000i\000n\000g\000\040\000E\000n\000t\000r\000o\000p\000y\000\040\000E\000f\000f\000i\000c\000i\000e\000n\000t\000l\000y}{}% 114
